<?xml version="1.0" encoding="UTF-8"?>
<!-- Generated by org.testng.reporters.JUnitReportReporter -->
<testsuite skipped="0" hostname="sairam-PC" name="TestNG.addressbook" tests="1" failures="0" timestamp="13 Aug 2018 02:06:43 GMT" time="12.323" errors="0">
  <testcase name="verfiylogin" time="12.323" classname="TestNG.addressbook"/>
</testsuite> <!-- TestNG.addressbook -->
